This is pdfTeX, Version 3.14159265-2.6-1.40.21 (TeX Live 2020) (preloaded format=pdflatex 2020.4.13)  25 APR 2020 12:15
entering extended mode
 restricted \write18 enabled.
 file:line:error style messages enabled.
 %&-line parsing enabled.
**/run/media/alex/data/Учёба/МАГА/Графика/lab2/latex/lab2.tex
(/run/media/alex/data/Учёба/МАГА/Графика/lab2/latex/lab2.tex
LaTeX2e <2020-02-02> patch level 5
L3 programming layer <2020-04-06> (/usr/local/texlive/2020/texmf-dist/tex/latex/extsizes/extreport.cls
Document Class: extreport 1996/10/08 v1.0 Non Standard LaTeX document class
(/usr/local/texlive/2020/texmf-dist/tex/latex/extsizes/size14.clo
File: size14.clo 1999/11/11 v1.4a NON-Standard LaTeX file (size option)
) (/usr/local/texlive/2020/texmf-dist/tex/latex/base/exscale.sty
Package: exscale 2018/09/24 v2.1i Standard LaTeX package exscale
LaTeX Font Info:    Redeclaring symbol font `largesymbols' on input line 57.
LaTeX Font Info:    Overwriting symbol font `largesymbols' in version `normal'
(Font)                  OMX/cmex/m/n --> OMX/cmex/m/n on input line 57.
LaTeX Font Info:    Overwriting symbol font `largesymbols' in version `bold'
(Font)                  OMX/cmex/m/n --> OMX/cmex/m/n on input line 57.
\big@size=\dimen134
)
\c@part=\count167
\c@chapter=\count168
\c@section=\count169
\c@subsection=\count170
\c@subsubsection=\count171
\c@paragraph=\count172
\c@subparagraph=\count173
\c@figure=\count174
\c@table=\count175
\abovecaptionskip=\skip47
\belowcaptionskip=\skip48
\bibindent=\dimen135
) (/usr/local/texlive/2020/texmf-dist/tex/latex/base/inputenc.sty
Package: inputenc 2018/08/11 v1.3c Input encoding file
\inpenc@prehook=\toks15
\inpenc@posthook=\toks16
) (/usr/local/texlive/2020/texmf-dist/tex/latex/base/fontenc.sty
Package: fontenc 2020/02/11 v2.0o Standard LaTeX package
 (/usr/local/texlive/2020/texmf-dist/tex/latex/cyrillic/t2aenc.def
File: t2aenc.def 2005/09/27 v1.0i Cyrillic encoding definition file
Now handling font encoding T2A ...
... processing UTF-8 mapping file for font encoding T2A
 (/usr/local/texlive/2020/texmf-dist/tex/latex/base/t2aenc.dfu
File: t2aenc.dfu 2019/11/14 v1.2k UTF-8 support for inputenc
   defining Unicode char U+00A4 (decimal 164)
   defining Unicode char U+00A7 (decimal 167)
   defining Unicode char U+00AB (decimal 171)
   defining Unicode char U+00BB (decimal 187)
   defining Unicode char U+0131 (decimal 305)
   defining Unicode char U+0237 (decimal 567)
   defining Unicode char U+0400 (decimal 1024)
   defining Unicode char U+0401 (decimal 1025)
   defining Unicode char U+0402 (decimal 1026)
   defining Unicode char U+0403 (decimal 1027)
   defining Unicode char U+0404 (decimal 1028)
   defining Unicode char U+0405 (decimal 1029)
   defining Unicode char U+0406 (decimal 1030)
   defining Unicode char U+0407 (decimal 1031)
   defining Unicode char U+0408 (decimal 1032)
   defining Unicode char U+0409 (decimal 1033)
   defining Unicode char U+040A (decimal 1034)
   defining Unicode char U+040B (decimal 1035)
   defining Unicode char U+040C (decimal 1036)
   defining Unicode char U+040D (decimal 1037)
   defining Unicode char U+040E (decimal 1038)
   defining Unicode char U+040F (decimal 1039)
   defining Unicode char U+0410 (decimal 1040)
   defining Unicode char U+0411 (decimal 1041)
   defining Unicode char U+0412 (decimal 1042)
   defining Unicode char U+0413 (decimal 1043)
   defining Unicode char U+0414 (decimal 1044)
   defining Unicode char U+0415 (decimal 1045)
   defining Unicode char U+0416 (decimal 1046)
   defining Unicode char U+0417 (decimal 1047)
   defining Unicode char U+0418 (decimal 1048)
   defining Unicode char U+0419 (decimal 1049)
   defining Unicode char U+041A (decimal 1050)
   defining Unicode char U+041B (decimal 1051)
   defining Unicode char U+041C (decimal 1052)
   defining Unicode char U+041D (decimal 1053)
   defining Unicode char U+041E (decimal 1054)
   defining Unicode char U+041F (decimal 1055)
   defining Unicode char U+0420 (decimal 1056)
   defining Unicode char U+0421 (decimal 1057)
   defining Unicode char U+0422 (decimal 1058)
   defining Unicode char U+0423 (decimal 1059)
   defining Unicode char U+0424 (decimal 1060)
   defining Unicode char U+0425 (decimal 1061)
   defining Unicode char U+0426 (decimal 1062)
   defining Unicode char U+0427 (decimal 1063)
   defining Unicode char U+0428 (decimal 1064)
   defining Unicode char U+0429 (decimal 1065)
   defining Unicode char U+042A (decimal 1066)
   defining Unicode char U+042B (decimal 1067)
   defining Unicode char U+042C (decimal 1068)
   defining Unicode char U+042D (decimal 1069)
   defining Unicode char U+042E (decimal 1070)
   defining Unicode char U+042F (decimal 1071)
   defining Unicode char U+0430 (decimal 1072)
   defining Unicode char U+0431 (decimal 1073)
   defining Unicode char U+0432 (decimal 1074)
   defining Unicode char U+0433 (decimal 1075)
   defining Unicode char U+0434 (decimal 1076)
   defining Unicode char U+0435 (decimal 1077)
   defining Unicode char U+0436 (decimal 1078)
   defining Unicode char U+0437 (decimal 1079)
   defining Unicode char U+0438 (decimal 1080)
   defining Unicode char U+0439 (decimal 1081)
   defining Unicode char U+043A (decimal 1082)
   defining Unicode char U+043B (decimal 1083)
   defining Unicode char U+043C (decimal 1084)
   defining Unicode char U+043D (decimal 1085)
   defining Unicode char U+043E (decimal 1086)
   defining Unicode char U+043F (decimal 1087)
   defining Unicode char U+0440 (decimal 1088)
   defining Unicode char U+0441 (decimal 1089)
   defining Unicode char U+0442 (decimal 1090)
   defining Unicode char U+0443 (decimal 1091)
   defining Unicode char U+0444 (decimal 1092)
   defining Unicode char U+0445 (decimal 1093)
   defining Unicode char U+0446 (decimal 1094)
   defining Unicode char U+0447 (decimal 1095)
   defining Unicode char U+0448 (decimal 1096)
   defining Unicode char U+0449 (decimal 1097)
   defining Unicode char U+044A (decimal 1098)
   defining Unicode char U+044B (decimal 1099)
   defining Unicode char U+044C (decimal 1100)
   defining Unicode char U+044D (decimal 1101)
   defining Unicode char U+044E (decimal 1102)
   defining Unicode char U+044F (decimal 1103)
   defining Unicode char U+0450 (decimal 1104)
   defining Unicode char U+0451 (decimal 1105)
   defining Unicode char U+0452 (decimal 1106)
   defining Unicode char U+0453 (decimal 1107)
   defining Unicode char U+0454 (decimal 1108)
   defining Unicode char U+0455 (decimal 1109)
   defining Unicode char U+0456 (decimal 1110)
   defining Unicode char U+0457 (decimal 1111)
   defining Unicode char U+0458 (decimal 1112)
   defining Unicode char U+0459 (decimal 1113)
   defining Unicode char U+045A (decimal 1114)
   defining Unicode char U+045B (decimal 1115)
   defining Unicode char U+045C (decimal 1116)
   defining Unicode char U+045D (decimal 1117)
   defining Unicode char U+045E (decimal 1118)
   defining Unicode char U+045F (decimal 1119)
   defining Unicode char U+0490 (decimal 1168)
   defining Unicode char U+0491 (decimal 1169)
   defining Unicode char U+0492 (decimal 1170)
   defining Unicode char U+0493 (decimal 1171)
   defining Unicode char U+0496 (decimal 1174)
   defining Unicode char U+0497 (decimal 1175)
   defining Unicode char U+0498 (decimal 1176)
   defining Unicode char U+0499 (decimal 1177)
   defining Unicode char U+049A (decimal 1178)
   defining Unicode char U+049B (decimal 1179)
   defining Unicode char U+049C (decimal 1180)
   defining Unicode char U+049D (decimal 1181)
   defining Unicode char U+04A0 (decimal 1184)
   defining Unicode char U+04A1 (decimal 1185)
   defining Unicode char U+04A2 (decimal 1186)
   defining Unicode char U+04A3 (decimal 1187)
   defining Unicode char U+04A4 (decimal 1188)
   defining Unicode char U+04A5 (decimal 1189)
   defining Unicode char U+04AA (decimal 1194)
   defining Unicode char U+04AB (decimal 1195)
   defining Unicode char U+04AE (decimal 1198)
   defining Unicode char U+04AF (decimal 1199)
   defining Unicode char U+04B0 (decimal 1200)
   defining Unicode char U+04B1 (decimal 1201)
   defining Unicode char U+04B2 (decimal 1202)
   defining Unicode char U+04B3 (decimal 1203)
   defining Unicode char U+04B6 (decimal 1206)
   defining Unicode char U+04B7 (decimal 1207)
   defining Unicode char U+04B8 (decimal 1208)
   defining Unicode char U+04B9 (decimal 1209)
   defining Unicode char U+04BA (decimal 1210)
   defining Unicode char U+04BB (decimal 1211)
   defining Unicode char U+04C0 (decimal 1216)
   defining Unicode char U+04C1 (decimal 1217)
   defining Unicode char U+04C2 (decimal 1218)
   defining Unicode char U+04D0 (decimal 1232)
   defining Unicode char U+04D1 (decimal 1233)
   defining Unicode char U+04D2 (decimal 1234)
   defining Unicode char U+04D3 (decimal 1235)
   defining Unicode char U+04D4 (decimal 1236)
   defining Unicode char U+04D5 (decimal 1237)
   defining Unicode char U+04D6 (decimal 1238)
   defining Unicode char U+04D7 (decimal 1239)
   defining Unicode char U+04D8 (decimal 1240)
   defining Unicode char U+04D9 (decimal 1241)
   defining Unicode char U+04DA (decimal 1242)
   defining Unicode char U+04DB (decimal 1243)
   defining Unicode char U+04DC (decimal 1244)
   defining Unicode char U+04DD (decimal 1245)
   defining Unicode char U+04DE (decimal 1246)
   defining Unicode char U+04DF (decimal 1247)
   defining Unicode char U+04E2 (decimal 1250)
   defining Unicode char U+04E3 (decimal 1251)
   defining Unicode char U+04E4 (decimal 1252)
   defining Unicode char U+04E5 (decimal 1253)
   defining Unicode char U+04E6 (decimal 1254)
   defining Unicode char U+04E7 (decimal 1255)
   defining Unicode char U+04E8 (decimal 1256)
   defining Unicode char U+04E9 (decimal 1257)
   defining Unicode char U+04EC (decimal 1260)
   defining Unicode char U+04ED (decimal 1261)
   defining Unicode char U+04EE (decimal 1262)
   defining Unicode char U+04EF (decimal 1263)
   defining Unicode char U+04F0 (decimal 1264)
   defining Unicode char U+04F1 (decimal 1265)
   defining Unicode char U+04F2 (decimal 1266)
   defining Unicode char U+04F3 (decimal 1267)
   defining Unicode char U+04F4 (decimal 1268)
   defining Unicode char U+04F5 (decimal 1269)
   defining Unicode char U+04F8 (decimal 1272)
   defining Unicode char U+04F9 (decimal 1273)
   defining Unicode char U+200C (decimal 8204)
   defining Unicode char U+2013 (decimal 8211)
   defining Unicode char U+2014 (decimal 8212)
   defining Unicode char U+2018 (decimal 8216)
   defining Unicode char U+2019 (decimal 8217)
   defining Unicode char U+201C (decimal 8220)
   defining Unicode char U+201D (decimal 8221)
   defining Unicode char U+201E (decimal 8222)
   defining Unicode char U+2030 (decimal 8240)
   defining Unicode char U+2031 (decimal 8241)
   defining Unicode char U+2116 (decimal 8470)
   defining Unicode char U+2329 (decimal 9001)
   defining Unicode char U+232A (decimal 9002)
   defining Unicode char U+2423 (decimal 9251)
   defining Unicode char U+27E8 (decimal 10216)
   defining Unicode char U+27E9 (decimal 10217)
   defining Unicode char U+FB00 (decimal 64256)
   defining Unicode char U+FB01 (decimal 64257)
   defining Unicode char U+FB02 (decimal 64258)
   defining Unicode char U+FB03 (decimal 64259)
   defining Unicode char U+FB04 (decimal 64260)
   defining Unicode char U+FB05 (decimal 64261)
   defining Unicode char U+FB06 (decimal 64262)
))
LaTeX Font Info:    Trying to load font information for T2A+cmr on input line 112.
 (/usr/local/texlive/2020/texmf-dist/tex/latex/cyrillic/t2acmr.fd
File: t2acmr.fd 2001/08/11 v1.0a Computer Modern Cyrillic font definitions
)) (/usr/local/texlive/2020/texmf-dist/tex/generic/babel/babel.sty
Package: babel 2020/03/22 3.42 The Babel package
 (/usr/local/texlive/2020/texmf-dist/tex/generic/babel/switch.def
File: switch.def 2020/03/22 3.42 Babel switching mechanism
) (/usr/local/texlive/2020/texmf-dist/tex/generic/babel-russian/russianb.ldf
Language: russian 2017/08/12 1.3j Russian support for the Babel system
 (/usr/local/texlive/2020/texmf-dist/tex/generic/babel/babel.def
File: babel.def 2020/03/22 3.42 Babel common definitions
\babel@savecnt=\count176
\U@D=\dimen136
 (/usr/local/texlive/2020/texmf-dist/tex/generic/babel/txtbabel.def)
\bbl@readstream=\read2
\bbl@dirlevel=\count177
)
Package babel Info: Making " an active character on input line 120.
Package babel Info: Default for \cyrdash is provided on input line 157.
)) (/usr/local/texlive/2020/texmf-dist/tex/latex/vmargin/vmargin.sty
Package: vmargin 2004/07/15 V2.5 set document margins (VK)

Package: vmargin 2004/07/15 V2.5 set document margins (VK)
\PaperWidth=\dimen137
\PaperHeight=\dimen138
) (/usr/local/texlive/2020/texmf-dist/tex/latex/tools/indentfirst.sty
Package: indentfirst 1995/11/23 v1.03 Indent first paragraph (DPC)
) (/usr/local/texlive/2020/texmf-dist/tex/latex/graphics/color.sty
Package: color 2019/11/23 v1.2a Standard LaTeX Color (DPC)
 (/usr/local/texlive/2020/texmf-dist/tex/latex/graphics-cfg/color.cfg
File: color.cfg 2016/01/02 v1.6 sample color configuration
)
Package color Info: Driver file: pdftex.def on input line 147.
 (/usr/local/texlive/2020/texmf-dist/tex/latex/graphics-def/pdftex.def
File: pdftex.def 2018/01/08 v1.0l Graphics/color driver for pdftex
)) (/usr/local/texlive/2020/texmf-dist/tex/latex/graphics/graphicx.sty
Package: graphicx 2019/11/30 v1.2a Enhanced LaTeX Graphics (DPC,SPQR)
 (/usr/local/texlive/2020/texmf-dist/tex/latex/graphics/keyval.sty
Package: keyval 2014/10/28 v1.15 key=value parser (DPC)
\KV@toks@=\toks17
) (/usr/local/texlive/2020/texmf-dist/tex/latex/graphics/graphics.sty
Package: graphics 2019/11/30 v1.4a Standard LaTeX Graphics (DPC,SPQR)
 (/usr/local/texlive/2020/texmf-dist/tex/latex/graphics/trig.sty
Package: trig 2016/01/03 v1.10 sin cos tan (DPC)
) (/usr/local/texlive/2020/texmf-dist/tex/latex/graphics-cfg/graphics.cfg
File: graphics.cfg 2016/06/04 v1.11 sample graphics configuration
)
Package graphics Info: Driver file: pdftex.def on input line 105.
)
\Gin@req@height=\dimen139
\Gin@req@width=\dimen140
) (/usr/local/texlive/2020/texmf-dist/tex/latex/amsmath/amsmath.sty
Package: amsmath 2020/01/20 v2.17e AMS math features
\@mathmargin=\skip49

For additional information on amsmath, use the `?' option.
(/usr/local/texlive/2020/texmf-dist/tex/latex/amsmath/amstext.sty
Package: amstext 2000/06/29 v2.01 AMS text
 (/usr/local/texlive/2020/texmf-dist/tex/latex/amsmath/amsgen.sty
File: amsgen.sty 1999/11/30 v2.0 generic functions
\@emptytoks=\toks18
\ex@=\dimen141
)) (/usr/local/texlive/2020/texmf-dist/tex/latex/amsmath/amsbsy.sty
Package: amsbsy 1999/11/29 v1.2d Bold Symbols
\pmbraise@=\dimen142
) (/usr/local/texlive/2020/texmf-dist/tex/latex/amsmath/amsopn.sty
Package: amsopn 2016/03/08 v2.02 operator names
)
\inf@bad=\count178
LaTeX Info: Redefining \frac on input line 227.
\uproot@=\count179
\leftroot@=\count180
LaTeX Info: Redefining \overline on input line 389.
\classnum@=\count181
\DOTSCASE@=\count182
LaTeX Info: Redefining \ldots on input line 486.
LaTeX Info: Redefining \dots on input line 489.
LaTeX Info: Redefining \cdots on input line 610.
\Mathstrutbox@=\box45
\strutbox@=\box46
\big@size=\dimen143
LaTeX Font Info:    Redeclaring font encoding OML on input line 733.
LaTeX Font Info:    Redeclaring font encoding OMS on input line 734.
\macc@depth=\count183
\c@MaxMatrixCols=\count184
\dotsspace@=\muskip16
\c@parentequation=\count185
\dspbrk@lvl=\count186
\tag@help=\toks19
\row@=\count187
\column@=\count188
\maxfields@=\count189
\andhelp@=\toks20
\eqnshift@=\dimen144
\alignsep@=\dimen145
\tagshift@=\dimen146
\tagwidth@=\dimen147
\totwidth@=\dimen148
\lineht@=\dimen149
\@envbody=\toks21
\multlinegap=\skip50
\multlinetaggap=\skip51
\mathdisplay@stack=\toks22
LaTeX Info: Redefining \[ on input line 2859.
LaTeX Info: Redefining \] on input line 2860.
) (/usr/local/texlive/2020/texmf-dist/tex/latex/animate/animate.sty
Package: animate 2020/03/25 PDF & SVG animations from files and inline graphics
 (/usr/local/texlive/2020/texmf-dist/tex/latex/xkeyval/xkeyval.sty
Package: xkeyval 2014/12/03 v2.7a package option processing (HA)
 (/usr/local/texlive/2020/texmf-dist/tex/generic/xkeyval/xkeyval.tex (/usr/local/texlive/2020/texmf-dist/tex/generic/xkeyval/xkvutils.tex
\XKV@toks=\toks23
\XKV@tempa@toks=\toks24
)
\XKV@depth=\count190
File: xkeyval.tex 2014/12/03 v2.7a key=value parser (HA)
)) (/usr/local/texlive/2020/texmf-dist/tex/latex/base/ifthen.sty
Package: ifthen 2014/09/29 v1.1c Standard LaTeX ifthen package (DPC)
) (/usr/local/texlive/2020/texmf-dist/tex/generic/iftex/iftex.sty
Package: iftex 2020/03/06 v1.0d TeX engine tests
) (/usr/local/texlive/2020/texmf-dist/tex/latex/oberdiek/ifdraft.sty
Package: ifdraft 2016/05/16 v1.4 Detect class options draft and final (HO)
) (/usr/local/texlive/2020/texmf-dist/tex/latex/tools/calc.sty
Package: calc 2017/05/25 v4.3 Infix arithmetic (KKT,FJ)
\calc@Acount=\count191
\calc@Bcount=\count192
\calc@Adimen=\dimen150
\calc@Bdimen=\dimen151
\calc@Askip=\skip52
\calc@Bskip=\skip53
LaTeX Info: Redefining \setlength on input line 80.
LaTeX Info: Redefining \addtolength on input line 81.
\calc@Ccount=\count193
\calc@Cskip=\skip54
) (/usr/local/texlive/2020/texmf-dist/tex/latex/zref/zref-abspage.sty
Package: zref-abspage 2020-03-03 v2.29 Module abspage for zref (HO)
 (/usr/local/texlive/2020/texmf-dist/tex/latex/zref/zref-base.sty
Package: zref-base 2020-03-03 v2.29 Module base for zref (HO)
 (/usr/local/texlive/2020/texmf-dist/tex/generic/ltxcmds/ltxcmds.sty
Package: ltxcmds 2019/12/15 v1.24 LaTeX kernel commands for general use (HO)
) (/usr/local/texlive/2020/texmf-dist/tex/generic/infwarerr/infwarerr.sty
Package: infwarerr 2019/12/03 v1.5 Providing info/warning/error messages (HO)
) (/usr/local/texlive/2020/texmf-dist/tex/generic/kvsetkeys/kvsetkeys.sty
Package: kvsetkeys 2019/12/15 v1.18 Key value parser (HO)
) (/usr/local/texlive/2020/texmf-dist/tex/generic/kvdefinekeys/kvdefinekeys.sty
Package: kvdefinekeys 2019-12-19 v1.6 Define keys (HO)
) (/usr/local/texlive/2020/texmf-dist/tex/latex/pdftexcmds/pdftexcmds.sty
Package: pdftexcmds 2019/11/24 v0.31 Utility functions of pdfTeX for LuaTeX (HO)
Package pdftexcmds Info: \pdf@primitive is available.
Package pdftexcmds Info: \pdf@ifprimitive is available.
Package pdftexcmds Info: \pdfdraftmode found.
) (/usr/local/texlive/2020/texmf-dist/tex/generic/etexcmds/etexcmds.sty
Package: etexcmds 2019/12/15 v1.7 Avoid name clashes with e-TeX commands (HO)
) (/usr/local/texlive/2020/texmf-dist/tex/latex/auxhook/auxhook.sty
Package: auxhook 2019-12-17 v1.6 Hooks for auxiliary files (HO)
)
Package zref Info: New property list: main on input line 763.
Package zref Info: New property: default on input line 764.
Package zref Info: New property: page on input line 765.
) (/usr/local/texlive/2020/texmf-dist/tex/generic/atbegshi/atbegshi.sty
Package: atbegshi 2019/12/05 v1.19 At begin shipout hook (HO)
)
\c@abspage=\count194
Package zref Info: New property: abspage on input line 66.
) (/usr/local/texlive/2020/texmf-dist/tex/latex/media9/pdfbase.sty (/usr/local/texlive/2020/texmf-dist/tex/latex/l3kernel/expl3.sty
Package: expl3 2020-04-06 L3 programming layer (loader) 
 (/usr/local/texlive/2020/texmf-dist/tex/latex/l3backend/l3backend-pdfmode.def
File: l3backend-pdfmode.def 2020-03-12 L3 backend support: PDF mode
\l__kernel_color_stack_int=\count195
\l__pdf_internal_box=\box47
)) (/usr/local/texlive/2020/texmf-dist/tex/latex/l3packages/l3keys2e/l3keys2e.sty
Package: l3keys2e 2020-03-06 LaTeX2e option processing using LaTeX3 keys
)
Package: pdfbase 2020/03/25 v0.41 driver independent access to low-level PDF features
\g_pbs_page_int=\count196
\g_pbs_oc_int=\count197
) (/usr/local/texlive/2020/texmf-dist/tex/latex/ocgx2/ocgbase.sty
Package: ocgbase 2019/11/04 v0.17 support package for ocgx2.sty
\g_ocgbase_nd_int=\count198
)
\@anim@box=\box48
\@anim@measbox=\box49
\@anim@tmpdima=\dimen152
\@anim@tmpdimb=\dimen153
\@anim@num=\count199
\@anim@curframe=\count266
\@anim@curframe@zb=\count267
\@anim@resizeflags=\count268
\@anim@skipfram=\count269
\@anim@mulframecnt=\count270
\@anim@@tmlnfile=\read3
\@anim@tmpcnt=\count271
\c@@anim@ltxcnt=\count272
\@anim@curlayer=\count273
\@anim@lineno=\count274
\@anim@curfield=\count275
\@anim@@resizeflags=\count276
) (/usr/local/texlive/2020/texmf-dist/tex/latex/listings/listings.sty
\lst@mode=\count277
\lst@gtempboxa=\box50
\lst@token=\toks25
\lst@length=\count278
\lst@currlwidth=\dimen154
\lst@column=\count279
\lst@pos=\count280
\lst@lostspace=\dimen155
\lst@width=\dimen156
\lst@newlines=\count281
\lst@lineno=\count282
\lst@maxwidth=\dimen157
 (/usr/local/texlive/2020/texmf-dist/tex/latex/listings/lstmisc.sty
File: lstmisc.sty 2020/03/24 1.8d (Carsten Heinz)
\c@lstnumber=\count283
\lst@skipnumbers=\count284
\lst@framebox=\box51
) (/usr/local/texlive/2020/texmf-dist/tex/latex/listings/listings.cfg
File: listings.cfg 2020/03/24 1.8d listings configuration
))
Package: listings 2020/03/24 1.8d (Carsten Heinz)
 (/usr/local/texlive/2020/texmf-dist/tex/latex/listings/lstlang1.sty
File: lstlang1.sty 2020/03/24 1.8d listings language file
) (/run/media/alex/data/Учёба/МАГА/Графика/lab2/latex/lab2.aux)
\openout1 = `lab2.aux'.

LaTeX Font Info:    Checking defaults for OML/cmm/m/it on input line 32.
LaTeX Font Info:    ... okay on input line 32.
LaTeX Font Info:    Checking defaults for OMS/cmsy/m/n on input line 32.
LaTeX Font Info:    ... okay on input line 32.
LaTeX Font Info:    Checking defaults for OT1/cmr/m/n on input line 32.
LaTeX Font Info:    ... okay on input line 32.
LaTeX Font Info:    Checking defaults for T1/cmr/m/n on input line 32.
LaTeX Font Info:    ... okay on input line 32.
LaTeX Font Info:    Checking defaults for TS1/cmr/m/n on input line 32.
LaTeX Font Info:    ... okay on input line 32.
LaTeX Font Info:    Checking defaults for OMX/cmex/m/n on input line 32.
LaTeX Font Info:    ... okay on input line 32.
LaTeX Font Info:    Checking defaults for U/cmr/m/n on input line 32.
LaTeX Font Info:    ... okay on input line 32.
LaTeX Font Info:    Checking defaults for T2A/cmr/m/n on input line 32.
LaTeX Font Info:    ... okay on input line 32.
 (/usr/local/texlive/2020/texmf-dist/tex/context/base/mkii/supp-pdf.mkii
[Loading MPS to PDF converter (version 2006.09.02).]
\scratchcounter=\count285
\scratchdimen=\dimen158
\scratchbox=\box52
\nofMPsegments=\count286
\nofMParguments=\count287
\everyMPshowfont=\toks26
\MPscratchCnt=\count288
\MPscratchDim=\dimen159
\MPnumerator=\count289
\makeMPintoPDFobject=\count290
\everyMPtoPDFconversion=\toks27
) (/usr/local/texlive/2020/texmf-dist/tex/latex/epstopdf-pkg/epstopdf-base.sty
Package: epstopdf-base 2020-01-24 v2.11 Base part for package epstopdf
Package epstopdf-base Info: Redefining graphics rule for `.eps' on input line 485.
 (/usr/local/texlive/2020/texmf-dist/tex/latex/latexconfig/epstopdf-sys.cfg
File: epstopdf-sys.cfg 2010/07/13 v1.3 Configuration of (r)epstopdf for TeX Live
))
\AtBeginShipoutBox=\box53
\c@lstlisting=\count291
\ML=\skip55

Underfull \hbox (badness 10000) in paragraph at lines 59--63

 []


Underfull \hbox (badness 10000) in paragraph at lines 67--69

 []

[1

{/usr/local/texlive/2020/texmf-var/fonts/map/pdftex/updmap/pdftex.map}] [1]
<../face_morphing/gradient.png, id=22, 1430.34375pt x 582.175pt>
File: ../face_morphing/gradient.png Graphic file (type png)
<use ../face_morphing/gradient.png>
Package pdftex.def Info: ../face_morphing/gradient.png  used on input line 134.
(pdftex.def)             Requested size: 512.78981pt x 208.71228pt.
 [2 </run/media/alex/data/Учёба/МАГА/Графика/lab2/latex/../face_morphing/gradient.png (PNG copy)>]

LaTeX Warning: Reference `morf:dance' on page 3 undefined on input line 162.

[3]
Overfull \hbox (3.08815pt too wide) in paragraph at lines 226--227
[][][][][][][][][][][][][][][][][][][][][][][][][][][][][][][][][][][][][][][][] 
 []


Overfull \hbox (3.08815pt too wide) in paragraph at lines 227--228
[][][][][][][][][][][][][][][][][][][][][][][][][][][][][][][][][][][][][][][][] 
 []

<../animate/frames0/frame0.png, id=36, 441.65pt x 582.175pt>
File: ../animate/frames0/frame0.png Graphic file (type png)
<use ../animate/frames0/frame0.png>
Package pdftex.def Info: ../animate/frames0/frame0.png  used on input line 270.
(pdftex.def)             Requested size: 441.64891pt x 582.17358pt.
 </run/media/alex/data/Учёба/МАГА/Графика/lab2/latex/../animate/frames0/frame0.png (PNG copy)> <a0,fr0>
<../animate/frames0/frame1.png, id=46, 441.65pt x 582.175pt>
File: ../animate/frames0/frame1.png Graphic file (type png)
<use ../animate/frames0/frame1.png>
Package pdftex.def Info: ../animate/frames0/frame1.png  used on input line 270.
(pdftex.def)             Requested size: 441.64891pt x 582.17358pt.
 </run/media/alex/data/Учёба/МАГА/Графика/lab2/latex/../animate/frames0/frame1.png (PNG copy)> <a0,fr1>
<../animate/frames0/frame2.png, id=56, 441.65pt x 582.175pt>
File: ../animate/frames0/frame2.png Graphic file (type png)
<use ../animate/frames0/frame2.png>
Package pdftex.def Info: ../animate/frames0/frame2.png  used on input line 270.
(pdftex.def)             Requested size: 441.64891pt x 582.17358pt.
 </run/media/alex/data/Учёба/МАГА/Графика/lab2/latex/../animate/frames0/frame2.png (PNG copy)> <a0,fr2>
<../animate/frames0/frame3.png, id=66, 441.65pt x 582.175pt>
File: ../animate/frames0/frame3.png Graphic file (type png)
<use ../animate/frames0/frame3.png>
Package pdftex.def Info: ../animate/frames0/frame3.png  used on input line 270.
(pdftex.def)             Requested size: 441.64891pt x 582.17358pt.
 </run/media/alex/data/Учёба/МАГА/Графика/lab2/latex/../animate/frames0/frame3.png (PNG copy)> <a0,fr3>
<../animate/frames0/frame4.png, id=76, 441.65pt x 582.175pt>
File: ../animate/frames0/frame4.png Graphic file (type png)
<use ../animate/frames0/frame4.png>
Package pdftex.def Info: ../animate/frames0/frame4.png  used on input line 270.
(pdftex.def)             Requested size: 441.64891pt x 582.17358pt.
 </run/media/alex/data/Учёба/МАГА/Графика/lab2/latex/../animate/frames0/frame4.png (PNG copy)> <a0,fr4>
<../animate/frames0/frame5.png, id=86, 441.65pt x 582.175pt>
File: ../animate/frames0/frame5.png Graphic file (type png)
<use ../animate/frames0/frame5.png>
Package pdftex.def Info: ../animate/frames0/frame5.png  used on input line 270.
(pdftex.def)             Requested size: 441.64891pt x 582.17358pt.
 </run/media/alex/data/Учёба/МАГА/Графика/lab2/latex/../animate/frames0/frame5.png (PNG copy)> <a0,fr5>
<../animate/frames0/frame6.png, id=96, 441.65pt x 582.175pt>
File: ../animate/frames0/frame6.png Graphic file (type png)
<use ../animate/frames0/frame6.png>
Package pdftex.def Info: ../animate/frames0/frame6.png  used on input line 270.
(pdftex.def)             Requested size: 441.64891pt x 582.17358pt.
 </run/media/alex/data/Учёба/МАГА/Графика/lab2/latex/../animate/frames0/frame6.png (PNG copy)> <a0,fr6>
<../animate/frames0/frame7.png, id=106, 441.65pt x 582.175pt>
File: ../animate/frames0/frame7.png Graphic file (type png)
<use ../animate/frames0/frame7.png>
Package pdftex.def Info: ../animate/frames0/frame7.png  used on input line 270.
(pdftex.def)             Requested size: 441.64891pt x 582.17358pt.
 </run/media/alex/data/Учёба/МАГА/Графика/lab2/latex/../animate/frames0/frame7.png (PNG copy)> <a0,fr7>
<../animate/frames0/frame8.png, id=116, 441.65pt x 582.175pt>
File: ../animate/frames0/frame8.png Graphic file (type png)
<use ../animate/frames0/frame8.png>
Package pdftex.def Info: ../animate/frames0/frame8.png  used on input line 270.
(pdftex.def)             Requested size: 441.64891pt x 582.17358pt.
 </run/media/alex/data/Учёба/МАГА/Графика/lab2/latex/../animate/frames0/frame8.png (PNG copy)> <a0,fr8>
<../animate/frames0/frame9.png, id=126, 441.65pt x 582.175pt>
File: ../animate/frames0/frame9.png Graphic file (type png)
<use ../animate/frames0/frame9.png>
Package pdftex.def Info: ../animate/frames0/frame9.png  used on input line 270.
(pdftex.def)             Requested size: 441.64891pt x 582.17358pt.
 </run/media/alex/data/Учёба/МАГА/Графика/lab2/latex/../animate/frames0/frame9.png (PNG copy)> <a0,fr9>
<../animate/frames0/frame10.png, id=136, 441.65pt x 582.175pt>
File: ../animate/frames0/frame10.png Graphic file (type png)
<use ../animate/frames0/frame10.png>
Package pdftex.def Info: ../animate/frames0/frame10.png  used on input line 270.
(pdftex.def)             Requested size: 441.64891pt x 582.17358pt.
 </run/media/alex/data/Учёба/МАГА/Графика/lab2/latex/../animate/frames0/frame10.png (PNG copy)> <a0,fr10>
<../animate/frames0/frame11.png, id=146, 441.65pt x 582.175pt>
File: ../animate/frames0/frame11.png Graphic file (type png)
<use ../animate/frames0/frame11.png>
Package pdftex.def Info: ../animate/frames0/frame11.png  used on input line 270.
(pdftex.def)             Requested size: 441.64891pt x 582.17358pt.
 </run/media/alex/data/Учёба/МАГА/Графика/lab2/latex/../animate/frames0/frame11.png (PNG copy)> <a0,fr11>
<../animate/frames0/frame12.png, id=156, 441.65pt x 582.175pt>
File: ../animate/frames0/frame12.png Graphic file (type png)
<use ../animate/frames0/frame12.png>
Package pdftex.def Info: ../animate/frames0/frame12.png  used on input line 270.
(pdftex.def)             Requested size: 441.64891pt x 582.17358pt.
 </run/media/alex/data/Учёба/МАГА/Графика/lab2/latex/../animate/frames0/frame12.png (PNG copy)> <a0,fr12>
<../animate/frames0/frame13.png, id=166, 441.65pt x 582.175pt>
File: ../animate/frames0/frame13.png Graphic file (type png)
<use ../animate/frames0/frame13.png>
Package pdftex.def Info: ../animate/frames0/frame13.png  used on input line 270.
(pdftex.def)             Requested size: 441.64891pt x 582.17358pt.
 </run/media/alex/data/Учёба/МАГА/Графика/lab2/latex/../animate/frames0/frame13.png (PNG copy)> <a0,fr13>
<../animate/frames0/frame14.png, id=176, 441.65pt x 582.175pt>
File: ../animate/frames0/frame14.png Graphic file (type png)
<use ../animate/frames0/frame14.png>
Package pdftex.def Info: ../animate/frames0/frame14.png  used on input line 270.
(pdftex.def)             Requested size: 441.64891pt x 582.17358pt.
 </run/media/alex/data/Учёба/МАГА/Графика/lab2/latex/../animate/frames0/frame14.png (PNG copy)> <a0,fr14>
<../animate/frames0/frame15.png, id=186, 441.65pt x 582.175pt>
File: ../animate/frames0/frame15.png Graphic file (type png)
<use ../animate/frames0/frame15.png>
Package pdftex.def Info: ../animate/frames0/frame15.png  used on input line 270.
(pdftex.def)             Requested size: 441.64891pt x 582.17358pt.
 </run/media/alex/data/Учёба/МАГА/Графика/lab2/latex/../animate/frames0/frame15.png (PNG copy)> <a0,fr15>
<../animate/frames0/frame16.png, id=196, 441.65pt x 582.175pt>
File: ../animate/frames0/frame16.png Graphic file (type png)
<use ../animate/frames0/frame16.png>
Package pdftex.def Info: ../animate/frames0/frame16.png  used on input line 270.
(pdftex.def)             Requested size: 441.64891pt x 582.17358pt.
 </run/media/alex/data/Учёба/МАГА/Графика/lab2/latex/../animate/frames0/frame16.png (PNG copy)> <a0,fr16>
<../animate/frames0/frame17.png, id=206, 441.65pt x 582.175pt>
File: ../animate/frames0/frame17.png Graphic file (type png)
<use ../animate/frames0/frame17.png>
Package pdftex.def Info: ../animate/frames0/frame17.png  used on input line 270.
(pdftex.def)             Requested size: 441.64891pt x 582.17358pt.
 </run/media/alex/data/Учёба/МАГА/Графика/lab2/latex/../animate/frames0/frame17.png (PNG copy)> <a0,fr17>
<../animate/frames0/frame18.png, id=216, 441.65pt x 582.175pt>
File: ../animate/frames0/frame18.png Graphic file (type png)
<use ../animate/frames0/frame18.png>
Package pdftex.def Info: ../animate/frames0/frame18.png  used on input line 270.
(pdftex.def)             Requested size: 441.64891pt x 582.17358pt.
 </run/media/alex/data/Учёба/МАГА/Графика/lab2/latex/../animate/frames0/frame18.png (PNG copy)> <a0,fr18>
<../animate/frames0/frame19.png, id=226, 441.65pt x 582.175pt>
File: ../animate/frames0/frame19.png Graphic file (type png)
<use ../animate/frames0/frame19.png>
Package pdftex.def Info: ../animate/frames0/frame19.png  used on input line 270.
(pdftex.def)             Requested size: 441.64891pt x 582.17358pt.
 </run/media/alex/data/Учёба/МАГА/Графика/lab2/latex/../animate/frames0/frame19.png (PNG copy)> <a0,fr19> <a0,fr20> <a1,fr0>
<../animate/frames1/frame1.png, id=275, 441.65pt x 582.175pt>
File: ../animate/frames1/frame1.png Graphic file (type png)
<use ../animate/frames1/frame1.png>
Package pdftex.def Info: ../animate/frames1/frame1.png  used on input line 273.
(pdftex.def)             Requested size: 441.64891pt x 582.17358pt.
 </run/media/alex/data/Учёба/МАГА/Графика/lab2/latex/../animate/frames1/frame1.png (PNG copy)> <a1,fr1>
<../animate/frames1/frame2.png, id=285, 441.65pt x 582.175pt>
File: ../animate/frames1/frame2.png Graphic file (type png)
<use ../animate/frames1/frame2.png>
Package pdftex.def Info: ../animate/frames1/frame2.png  used on input line 273.
(pdftex.def)             Requested size: 441.64891pt x 582.17358pt.
 </run/media/alex/data/Учёба/МАГА/Графика/lab2/latex/../animate/frames1/frame2.png (PNG copy)> <a1,fr2>
<../animate/frames1/frame3.png, id=296, 441.65pt x 582.175pt>
File: ../animate/frames1/frame3.png Graphic file (type png)
<use ../animate/frames1/frame3.png>
Package pdftex.def Info: ../animate/frames1/frame3.png  used on input line 273.
(pdftex.def)             Requested size: 441.64891pt x 582.17358pt.
 </run/media/alex/data/Учёба/МАГА/Графика/lab2/latex/../animate/frames1/frame3.png (PNG copy)> <a1,fr3>
<../animate/frames1/frame4.png, id=306, 441.65pt x 582.175pt>
File: ../animate/frames1/frame4.png Graphic file (type png)
<use ../animate/frames1/frame4.png>
Package pdftex.def Info: ../animate/frames1/frame4.png  used on input line 273.
(pdftex.def)             Requested size: 441.64891pt x 582.17358pt.
 </run/media/alex/data/Учёба/МАГА/Графика/lab2/latex/../animate/frames1/frame4.png (PNG copy)> <a1,fr4>
<../animate/frames1/frame5.png, id=316, 441.65pt x 582.175pt>
File: ../animate/frames1/frame5.png Graphic file (type png)
<use ../animate/frames1/frame5.png>
Package pdftex.def Info: ../animate/frames1/frame5.png  used on input line 273.
(pdftex.def)             Requested size: 441.64891pt x 582.17358pt.
 </run/media/alex/data/Учёба/МАГА/Графика/lab2/latex/../animate/frames1/frame5.png (PNG copy)> <a1,fr5>
<../animate/frames1/frame6.png, id=326, 441.65pt x 582.175pt>
File: ../animate/frames1/frame6.png Graphic file (type png)
<use ../animate/frames1/frame6.png>
Package pdftex.def Info: ../animate/frames1/frame6.png  used on input line 273.
(pdftex.def)             Requested size: 441.64891pt x 582.17358pt.
 </run/media/alex/data/Учёба/МАГА/Графика/lab2/latex/../animate/frames1/frame6.png (PNG copy)> <a1,fr6>
<../animate/frames1/frame7.png, id=336, 441.65pt x 582.175pt>
File: ../animate/frames1/frame7.png Graphic file (type png)
<use ../animate/frames1/frame7.png>
Package pdftex.def Info: ../animate/frames1/frame7.png  used on input line 273.
(pdftex.def)             Requested size: 441.64891pt x 582.17358pt.
 </run/media/alex/data/Учёба/МАГА/Графика/lab2/latex/../animate/frames1/frame7.png (PNG copy)> <a1,fr7>
<../animate/frames1/frame8.png, id=346, 441.65pt x 582.175pt>
File: ../animate/frames1/frame8.png Graphic file (type png)
<use ../animate/frames1/frame8.png>
Package pdftex.def Info: ../animate/frames1/frame8.png  used on input line 273.
(pdftex.def)             Requested size: 441.64891pt x 582.17358pt.
 </run/media/alex/data/Учёба/МАГА/Графика/lab2/latex/../animate/frames1/frame8.png (PNG copy)> <a1,fr8>
<../animate/frames1/frame9.png, id=356, 441.65pt x 582.175pt>
File: ../animate/frames1/frame9.png Graphic file (type png)
<use ../animate/frames1/frame9.png>
Package pdftex.def Info: ../animate/frames1/frame9.png  used on input line 273.
(pdftex.def)             Requested size: 441.64891pt x 582.17358pt.
 </run/media/alex/data/Учёба/МАГА/Графика/lab2/latex/../animate/frames1/frame9.png (PNG copy)> <a1,fr9>
<../animate/frames1/frame10.png, id=366, 441.65pt x 582.175pt>
File: ../animate/frames1/frame10.png Graphic file (type png)
<use ../animate/frames1/frame10.png>
Package pdftex.def Info: ../animate/frames1/frame10.png  used on input line 273.
(pdftex.def)             Requested size: 441.64891pt x 582.17358pt.
 </run/media/alex/data/Учёба/МАГА/Графика/lab2/latex/../animate/frames1/frame10.png (PNG copy)> <a1,fr10>
<../animate/frames1/frame11.png, id=376, 441.65pt x 582.175pt>
File: ../animate/frames1/frame11.png Graphic file (type png)
<use ../animate/frames1/frame11.png>
Package pdftex.def Info: ../animate/frames1/frame11.png  used on input line 273.
(pdftex.def)             Requested size: 441.64891pt x 582.17358pt.
 </run/media/alex/data/Учёба/МАГА/Графика/lab2/latex/../animate/frames1/frame11.png (PNG copy)> <a1,fr11>
<../animate/frames1/frame12.png, id=386, 441.65pt x 582.175pt>
File: ../animate/frames1/frame12.png Graphic file (type png)
<use ../animate/frames1/frame12.png>
Package pdftex.def Info: ../animate/frames1/frame12.png  used on input line 273.
(pdftex.def)             Requested size: 441.64891pt x 582.17358pt.
 </run/media/alex/data/Учёба/МАГА/Графика/lab2/latex/../animate/frames1/frame12.png (PNG copy)> <a1,fr12>
<../animate/frames1/frame13.png, id=396, 441.65pt x 582.175pt>
File: ../animate/frames1/frame13.png Graphic file (type png)
<use ../animate/frames1/frame13.png>
Package pdftex.def Info: ../animate/frames1/frame13.png  used on input line 273.
(pdftex.def)             Requested size: 441.64891pt x 582.17358pt.
 </run/media/alex/data/Учёба/МАГА/Графика/lab2/latex/../animate/frames1/frame13.png (PNG copy)> <a1,fr13>
<../animate/frames1/frame14.png, id=406, 441.65pt x 582.175pt>
File: ../animate/frames1/frame14.png Graphic file (type png)
<use ../animate/frames1/frame14.png>
Package pdftex.def Info: ../animate/frames1/frame14.png  used on input line 273.
(pdftex.def)             Requested size: 441.64891pt x 582.17358pt.
 </run/media/alex/data/Учёба/МАГА/Графика/lab2/latex/../animate/frames1/frame14.png (PNG copy)> <a1,fr14>
<../animate/frames1/frame15.png, id=416, 441.65pt x 582.175pt>
File: ../animate/frames1/frame15.png Graphic file (type png)
<use ../animate/frames1/frame15.png>
Package pdftex.def Info: ../animate/frames1/frame15.png  used on input line 273.
(pdftex.def)             Requested size: 441.64891pt x 582.17358pt.
 </run/media/alex/data/Учёба/МАГА/Графика/lab2/latex/../animate/frames1/frame15.png (PNG copy)> <a1,fr15>
<../animate/frames1/frame16.png, id=426, 441.65pt x 582.175pt>
File: ../animate/frames1/frame16.png Graphic file (type png)
<use ../animate/frames1/frame16.png>
Package pdftex.def Info: ../animate/frames1/frame16.png  used on input line 273.
(pdftex.def)             Requested size: 441.64891pt x 582.17358pt.
 </run/media/alex/data/Учёба/МАГА/Графика/lab2/latex/../animate/frames1/frame16.png (PNG copy)> <a1,fr16>
<../animate/frames1/frame17.png, id=436, 441.65pt x 582.175pt>
File: ../animate/frames1/frame17.png Graphic file (type png)
<use ../animate/frames1/frame17.png>
Package pdftex.def Info: ../animate/frames1/frame17.png  used on input line 273.
(pdftex.def)             Requested size: 441.64891pt x 582.17358pt.
 </run/media/alex/data/Учёба/МАГА/Графика/lab2/latex/../animate/frames1/frame17.png (PNG copy)> <a1,fr17>
<../animate/frames1/frame18.png, id=446, 441.65pt x 582.175pt>
File: ../animate/frames1/frame18.png Graphic file (type png)
<use ../animate/frames1/frame18.png>
Package pdftex.def Info: ../animate/frames1/frame18.png  used on input line 273.
(pdftex.def)             Requested size: 441.64891pt x 582.17358pt.
 </run/media/alex/data/Учёба/МАГА/Графика/lab2/latex/../animate/frames1/frame18.png (PNG copy)> <a1,fr18>
<../animate/frames1/frame19.png, id=456, 441.65pt x 582.175pt>
File: ../animate/frames1/frame19.png Graphic file (type png)
<use ../animate/frames1/frame19.png>
Package pdftex.def Info: ../animate/frames1/frame19.png  used on input line 273.
(pdftex.def)             Requested size: 441.64891pt x 582.17358pt.
 </run/media/alex/data/Учёба/МАГА/Графика/lab2/latex/../animate/frames1/frame19.png (PNG copy)> <a1,fr19> <a1,fr20> [4] [5] (/run/media/alex/data/Учёба/МАГА/Графика/lab2/latex/lab2.aux)

LaTeX Warning: There were undefined references.

 ) 
Here is how much of TeX's memory you used:
 7545 strings out of 480607
 119141 string characters out of 5903581
 604585 words of memory out of 5000000
 23282 multiletter control sequences out of 15000+600000
 540960 words of font info for 39 fonts, out of 8000000 for 9000
 1141 hyphenation exceptions out of 8191
 45i,9n,72p,1027b,1696s stack positions out of 5000i,500n,10000p,200000b,80000s
{/usr/local/texlive/2020/texmf-dist/fonts/enc/dvips/cm-super/cm-super-ts1.enc}{/usr/local/texlive/2020/texmf-dist/fonts/enc/dvips/cm-super/cm-super-t2a.enc}</usr/local/texlive/2020/texmf-dist/fonts/type1/public/amsfonts/cm/cmex10.pfb></usr/local/texlive/2020/texmf-dist/fonts/type1/public/amsfonts/cm/cmmi10.pfb></usr/local/texlive/2020/texmf-dist/fonts/type1/public/amsfonts/cm/cmmi12.pfb></usr/local/texlive/2020/texmf-dist/fonts/type1/public/amsfonts/cm/cmr10.pfb></usr/local/texlive/2020/texmf-dist/fonts/type1/public/amsfonts/cm/cmr12.pfb></usr/local/texlive/2020/texmf-dist/fonts/type1/public/amsfonts/cm/cmr7.pfb></usr/local/texlive/2020/texmf-dist/fonts/type1/public/amsfonts/cm/cmsy10.pfb></usr/local/texlive/2020/texmf-dist/fonts/type1/public/cm-super/sfbx1000.pfb></usr/local/texlive/2020/texmf-dist/fonts/type1/public/cm-super/sfbx1440.pfb></usr/local/texlive/2020/texmf-dist/fonts/type1/public/cm-super/sfbx2074.pfb></usr/local/texlive/2020/texmf-dist/fonts/type1/public/cm-super/sfrm1000.pfb></usr/local/texlive/2020/texmf-dist/fonts/type1/public/cm-super/sfrm1440.pfb></usr/local/texlive/2020/texmf-dist/fonts/type1/public/cm-super/sfrm1728.pfb></usr/local/texlive/2020/texmf-dist/fonts/type1/public/cm-super/sfti1000.pfb>
Output written on /run/media/alex/data/Учёба/МАГА/Графика/lab2/latex/lab2.pdf (6 pages, 1359774 bytes).
PDF statistics:
 547 PDF objects out of 1000 (max. 8388607)
 303 compressed objects within 4 object streams
 0 named destinations out of 1000 (max. 500000)
 1243 words of extra memory for PDF output out of 10000 (max. 10000000)

